<?xml version="1.0" encoding="UTF-8"?>
<!-- Generated by org.testng.reporters.JUnitReportReporter -->
<testsuite skipped="0" hostname="DESKTOP-MFV3CRJ" name="JasonAcademy.MavenJava.RESTAPITest" tests="2" failures="0" timestamp="2021-03-07T01:23:14 CST" time="0.005" errors="0">
  <testcase name="deleteTwiter" time="0.004" classname="JasonAcademy.MavenJava.RESTAPITest"/>
  <system-out/>
  <testcase name="postJira" time="0.001" classname="JasonAcademy.MavenJava.RESTAPITest"/>
  <system-out/>
</testsuite> <!-- JasonAcademy.MavenJava.RESTAPITest -->
