<?xml version="1.0" encoding="UTF-8"?>
<!-- Generated by org.testng.reporters.JUnitReportReporter -->
<testsuite skipped="0" hostname="DESKTOP-MFV3CRJ" name="JasonAcademy.MavenJava.SeleniumTest" tests="2" failures="0" timestamp="2021-03-07T01:23:14 CST" time="0.000" errors="0">
  <testcase name="BrowserAutomation" time="0.000" classname="JasonAcademy.MavenJava.SeleniumTest"/>
  <system-out/>
  <testcase name="selectElement" time="0.000" classname="JasonAcademy.MavenJava.SeleniumTest"/>
  <system-out/>
</testsuite> <!-- JasonAcademy.MavenJava.SeleniumTest -->
