<?xml version="1.0" encoding="UTF-8"?>
<!-- Generated by org.testng.reporters.JUnitReportReporter -->
<testsuite skipped="0" hostname="DESKTOP-MFV3CRJ" name="JasonAcademy.MavenJava.AppiumTest" tests="2" failures="0" timestamp="2021-03-07T01:23:01 CST" time="0.004" errors="0">
  <testcase name="Androidapps" time="0.001" classname="JasonAcademy.MavenJava.AppiumTest"/>
  <system-out/>
  <testcase name="iOSapps" time="0.003" classname="JasonAcademy.MavenJava.AppiumTest"/>
  <system-out/>
</testsuite> <!-- JasonAcademy.MavenJava.AppiumTest -->
